04/27/2018 01:27:31 AM INFO Ln 15: Game Initiated
04/27/2018 01:31:48 AM INFO Ln 15: Game Initiated
04/27/2018 03:34:59 AM INFO Ln 16: Game Initiated
04/27/2018 03:36:20 AM INFO Ln 16: Game Initiated
04/27/2018 03:52:00 AM INFO Ln 16: Game Initiated
04/27/2018 03:52:39 AM INFO Ln 16: Game Initiated
04/27/2018 03:52:44 AM INFO Ln 16: Game Initiated
04/27/2018 03:53:00 AM INFO Ln 16: Game Initiated
04/27/2018 03:58:47 AM INFO Ln 16: Game Initiated
04/27/2018 04:00:12 AM INFO Ln 16: Game Initiated
04/27/2018 04:02:17 AM INFO Ln 16: Game Initiated
04/27/2018 04:02:20 AM INFO Ln 16: Game Initiated
04/27/2018 04:02:46 AM INFO Ln 16: Game Initiated
04/27/2018 04:03:51 AM INFO Ln 16: Game Initiated
04/27/2018 04:06:05 AM INFO Ln 16: Game Initiated
04/27/2018 04:07:42 AM INFO Ln 16: Game Initiated
04/27/2018 04:08:14 AM INFO Ln 16: Game Initiated
04/27/2018 04:08:35 AM INFO Ln 16: Game Initiated
04/27/2018 04:09:26 AM INFO Ln 16: Game Initiated
04/27/2018 04:09:49 AM INFO Ln 16: Game Initiated
04/27/2018 04:11:09 AM INFO Ln 16: Game Initiated
04/27/2018 04:11:48 AM INFO Ln 16: Game Initiated
04/27/2018 04:12:13 AM INFO Ln 84: You have open settings
04/27/2018 04:12:39 AM INFO Ln 16: Game Initiated
04/27/2018 04:16:01 AM INFO Ln 16: Game Initiated
04/27/2018 04:16:05 AM INFO Ln 222: You just make a move
04/27/2018 04:16:06 AM INFO Ln 141: You choose to play another game
04/27/2018 04:16:10 AM INFO Ln 141: You choose to play another game
04/27/2018 04:16:13 AM INFO Ln 141: You choose to play another game
04/27/2018 04:16:14 AM INFO Ln 93: You restarted the Winings, Draw and losses
04/27/2018 04:16:17 AM INFO Ln 141: You choose to play another game
04/27/2018 04:16:18 AM INFO Ln 93: You restarted the Winings, Draw and losses
04/27/2018 04:16:20 AM INFO Ln 93: You restarted the Winings, Draw and losses
04/27/2018 04:16:23 AM INFO Ln 141: You choose to play another game
04/27/2018 04:16:26 AM INFO Ln 93: You restarted the Winings, Draw and losses
04/27/2018 04:17:14 AM INFO Ln 16: Game Initiated
04/27/2018 04:17:18 AM INFO Ln 141: You choose to play another game
04/27/2018 04:17:21 AM INFO Ln 84: You have open settings
04/27/2018 04:17:26 AM INFO Ln 79: You have choosen a different simbol
04/27/2018 04:17:26 AM INFO Ln 79: You have choosen a different simbol
04/27/2018 04:17:30 AM INFO Ln 141: You choose to play another game
04/27/2018 04:24:44 AM INFO Ln 16: Game Initiated
04/27/2018 04:25:31 AM INFO Ln 16: Game Initiated
04/27/2018 04:28:50 AM INFO Ln 16: Game Initiated
04/27/2018 04:30:06 AM INFO Ln 16: Game Initiated
04/27/2018 04:30:25 AM INFO Ln 16: Game Initiated
04/27/2018 04:31:05 AM INFO Ln 16: Game Initiated
04/27/2018 04:35:12 AM INFO Ln 16: Game Initiated
04/27/2018 04:36:30 AM INFO Ln 16: Game Initiated
04/27/2018 04:36:41 AM INFO Ln 16: Game Initiated
04/27/2018 04:36:45 AM INFO Ln 84: You have open settings
04/27/2018 04:36:49 AM INFO Ln 79: You have choosen a different simbol
04/27/2018 04:36:49 AM INFO Ln 79: You have choosen a different simbol
04/27/2018 04:36:50 AM INFO Ln 79: You have choosen a different simbol
04/27/2018 04:36:50 AM INFO Ln 79: You have choosen a different simbol
04/27/2018 04:36:51 AM INFO Ln 79: You have choosen a different simbol
04/27/2018 04:36:51 AM INFO Ln 79: You have choosen a different simbol
04/27/2018 04:36:58 AM INFO Ln 141: You choose to play another game
04/27/2018 04:37:00 AM INFO Ln 93: You restarted the Winings, Draw and losses
04/27/2018 04:37:03 AM INFO Ln 93: You restarted the Winings, Draw and losses
04/27/2018 04:37:10 AM INFO Ln 93: You restarted the Winings, Draw and losses
04/27/2018 04:37:10 AM INFO Ln 93: You restarted the Winings, Draw and losses
04/27/2018 04:37:11 AM INFO Ln 93: You restarted the Winings, Draw and losses
04/27/2018 04:37:12 AM INFO Ln 93: You restarted the Winings, Draw and losses
04/27/2018 04:37:14 AM INFO Ln 93: You restarted the Winings, Draw and losses
04/27/2018 04:37:17 AM INFO Ln 223: You just make a move
04/27/2018 04:37:19 AM INFO Ln 141: You choose to play another game
05/02/2018 10:05:54 AM INFO Ln 16: Game Initiated
05/02/2018 10:06:13 AM INFO Ln 223: You just make a move
05/02/2018 10:06:16 AM INFO Ln 84: You have open settings
05/02/2018 10:06:18 AM INFO Ln 79: You have choosen a different simbol
05/02/2018 10:06:18 AM INFO Ln 79: You have choosen a different simbol
05/02/2018 10:06:22 AM INFO Ln 93: You restarted the Winings, Draw and losses
05/02/2018 10:06:24 AM INFO Ln 141: You choose to play another game
05/02/2018 10:06:38 AM INFO Ln 223: You just make a move
05/02/2018 10:07:04 AM INFO Ln 141: You choose to play another game
05/02/2018 10:07:13 AM INFO Ln 223: You just make a move
05/02/2018 10:07:18 AM INFO Ln 141: You choose to play another game
05/02/2018 10:07:37 AM INFO Ln 223: You just make a move
05/02/2018 10:07:43 AM INFO Ln 141: You choose to play another game
05/02/2018 10:07:51 AM INFO Ln 16: Game Initiated
05/02/2018 10:07:56 AM INFO Ln 84: You have open settings
